<?xml version="1.0" encoding="UTF-8"?>
<!-- Generated by org.testng.reporters.JUnitReportReporter -->
<testsuite hostname="DESKTOP-7PKQDLJ" failures="0" tests="1" name="com.ShoppersStack_testScript.Verify_user_is_able_to_add_address_or_not" time="22.641" errors="0" timestamp="2024-07-28T10:56:24 IST" skipped="0">
  <testcase classname="com.ShoppersStack_testScript.Verify_user_is_able_to_add_address_or_not" name="addAddress" time="22.641"/>
</testsuite> <!-- com.ShoppersStack_testScript.Verify_user_is_able_to_add_address_or_not -->
