<?xml version="1.0" encoding="UTF-8"?>
<!-- Generated by org.testng.reporters.JUnitReportReporter -->
<testsuite hostname="DESKTOP-7PKQDLJ" failures="0" tests="1" name="com.ShoppersStack_testScript.Verify_user_is_able_to_add_address_or_not_Test" time="32.831" errors="0" timestamp="2024-09-04T13:54:15 IST" skipped="0">
  <testcase classname="com.ShoppersStack_testScript.Verify_user_is_able_to_add_address_or_not_Test" name="addAddress" time="32.831"/>
</testsuite> <!-- com.ShoppersStack_testScript.Verify_user_is_able_to_add_address_or_not_Test -->
